  Activating project at `~/ExpiringFitness/ExpiringFitnessNotebooks`
┌ Info: (mβ = 0.9, β2 = 0.8400000000000001, ρ = 0.10000000000000002, μ_neutral = 0.0008400000000000003, T = 20000, Δt = 1)
└   i / length(parameters) = 0.05555555555555555
[ Info: Simulating for 20000 generations (Ne = 11.904761904761902)
┌ Info: (mβ = 0.6, β2 = 0.44, ρ = 0.10000000000000002, μ_neutral = 0.00044000000000000007, T = 20000, Δt = 1)
└   i / length(parameters) = 0.1111111111111111
[ Info: Simulating for 20000 generations (Ne = 22.727272727272723)
┌ Info: (mβ = 0.3, β2 = 0.15999999999999998, ρ = 0.10000000000000002, μ_neutral = 0.00016, T = 20000, Δt = 1)
└   i / length(parameters) = 0.16666666666666666
[ Info: Simulating for 20000 generations (Ne = 62.5)
┌ Info: (mβ = 0.9, β2 = 0.8400000000000001, ρ = 0.05623413251903493, μ_neutral = 0.00047236671315989344, T = 20000, Δt = 1)
└   i / length(parameters) = 0.2222222222222222
[ Info: Simulating for 20000 generations (Ne = 21.169992976653834)
┌ Info: (mβ = 0.6, β2 = 0.44, ρ = 0.05623413251903493, μ_neutral = 0.0002474301830837537, T = 20000, Δt = 1)
└   i / length(parameters) = 0.2777777777777778
[ Info: Simulating for 20000 generations (Ne = 40.41544113724823)
┌ Info: (mβ = 0.3, β2 = 0.15999999999999998, ρ = 0.05623413251903493, μ_neutral = 8.997461203045587e-5, T = 20000, Δt = 1)
└   i / length(parameters) = 0.3333333333333333
[ Info: Simulating for 20000 generations (Ne = 111.14246312743265)
┌ Info: (mβ = 0.9, β2 = 0.8400000000000001, ρ = 0.0316227766016838, μ_neutral = 0.0002656313234541439, T = 20000, Δt = 1)
└   i / length(parameters) = 0.3888888888888889
[ Info: Simulating for 20000 generations (Ne = 37.64616262105213)
┌ Info: (mβ = 0.6, β2 = 0.44, ρ = 0.0316227766016838, μ_neutral = 0.00013914021704740872, T = 20000, Δt = 1)
└   i / length(parameters) = 0.4444444444444444
[ Info: Simulating for 20000 generations (Ne = 71.86994682200861)
┌ Info: (mβ = 0.3, β2 = 0.15999999999999998, ρ = 0.0316227766016838, μ_neutral = 5.059644256269407e-5, T = 20000, Δt = 1)
└   i / length(parameters) = 0.5
[ Info: Simulating for 20000 generations (Ne = 197.64235376052372)
┌ Info: (mβ = 0.9, β2 = 0.8400000000000001, ρ = 0.01778279410038924, μ_neutral = 0.0001493754704432696, T = 20000, Δt = 1)
└   i / length(parameters) = 0.5555555555555556
[ Info: Simulating for 20000 generations (Ne = 66.9453958559939)
┌ Info: (mβ = 0.6, β2 = 0.44, ρ = 0.01778279410038924, μ_neutral = 7.824429404171266e-5, T = 20000, Δt = 1)
└   i / length(parameters) = 0.6111111111111112
[ Info: Simulating for 20000 generations (Ne = 127.80484663417016)
┌ Info: (mβ = 0.3, β2 = 0.15999999999999998, ρ = 0.01778279410038924, μ_neutral = 2.8452470560622777e-5, T = 35146, Δt = 2)
└   i / length(parameters) = 0.6666666666666666
[ Info: Simulating for 35146 generations (Ne = 351.463328243968)
┌ Info: (mβ = 0.9, β2 = 0.8400000000000001, ρ = 0.010000000000000004, μ_neutral = 8.400000000000005e-5, T = 20000, Δt = 1)
└   i / length(parameters) = 0.7222222222222222
[ Info: Simulating for 20000 generations (Ne = 119.04761904761898)
┌ Info: (mβ = 0.6, β2 = 0.44, ρ = 0.010000000000000004, μ_neutral = 4.400000000000002e-5, T = 22727, Δt = 1)
└   i / length(parameters) = 0.7777777777777778
[ Info: Simulating for 22727 generations (Ne = 227.27272727272717)
┌ Info: (mβ = 0.3, β2 = 0.15999999999999998, ρ = 0.010000000000000004, μ_neutral = 1.6000000000000006e-5, T = 62500, Δt = 3)
└   i / length(parameters) = 0.8333333333333334
[ Info: Simulating for 62500 generations (Ne = 624.9999999999998)
┌ Info: (mβ = 0.9, β2 = 0.8400000000000001, ρ = 0.003, μ_neutral = 2.5200000000000006e-5, T = 39683, Δt = 2)
└   i / length(parameters) = 0.8888888888888888
[ Info: Simulating for 39683 generations (Ne = 396.82539682539675)
┌ Info: (mβ = 0.6, β2 = 0.44, ρ = 0.003, μ_neutral = 1.32e-5, T = 75758, Δt = 4)
└   i / length(parameters) = 0.9444444444444444
[ Info: Simulating for 75758 generations (Ne = 757.5757575757575)
┌ Info: (mβ = 0.3, β2 = 0.15999999999999998, ρ = 0.003, μ_neutral = 4.8e-6, T = 208333, Δt = 10)
└   i / length(parameters) = 1.0
[ Info: Simulating for 208333 generations (Ne = 2083.3333333333335)
718.545092 seconds (45.71 M allocations: 21.378 GiB, 0.37% gc time, 0.99% compilation time: <1% of which was recompilation)
515.246803 seconds (24.70 M allocations: 13.120 GiB, 0.29% gc time)
239.624843 seconds (11.10 M allocations: 5.392 GiB, 0.27% gc time)
433.115094 seconds (22.14 M allocations: 12.286 GiB, 0.32% gc time)
315.473119 seconds (14.09 M allocations: 7.705 GiB, 0.29% gc time)
139.776806 seconds (6.52 M allocations: 3.309 GiB, 0.29% gc time)
304.896273 seconds (13.81 M allocations: 7.933 GiB, 0.32% gc time)
188.581425 seconds (8.20 M allocations: 4.659 GiB, 0.32% gc time)
 94.484393 seconds (4.24 M allocations: 2.243 GiB, 0.33% gc time)
197.559380 seconds (8.56 M allocations: 5.080 GiB, 0.33% gc time)
130.903198 seconds (5.32 M allocations: 3.158 GiB, 0.34% gc time)
 76.509866 seconds (4.30 M allocations: 2.512 GiB, 0.45% gc time)
110.170027 seconds (5.02 M allocations: 2.993 GiB, 0.37% gc time)
 88.310186 seconds (3.83 M allocations: 2.275 GiB, 0.36% gc time)
 84.068978 seconds (5.25 M allocations: 3.262 GiB, 0.49% gc time)
 70.872791 seconds (3.93 M allocations: 2.631 GiB, 0.45% gc time)
 77.048840 seconds (4.71 M allocations: 3.143 GiB, 0.51% gc time)
 90.353687 seconds (7.03 M allocations: 3.469 GiB, 0.54% gc time)
